[00:10:57] [Server thread/INFO]: Starting minecraft server version 1.7.10
[00:11:21] [Server thread/INFO]: Loading properties
[00:11:21] [Server thread/INFO]: Default game type: SURVIVAL
[00:11:21] [Server thread/INFO]: Generating keypair
[00:11:21] [Server thread/INFO]: Starting Minecraft server on *:25565
[00:11:21] [Server thread/WARN]: **** SERVER IS RUNNING IN OFFLINE/INSECURE MODE!
[00:11:21] [Server thread/WARN]: The server will make no attempt to authenticate usernames. Beware.
[00:11:21] [Server thread/WARN]: While this makes the game possible to play without internet access, it also opens up the ability for hackers to connect with any username they choose.
[00:11:21] [Server thread/WARN]: To change this, set "online-mode" to "true" in the server.properties file.
[00:11:54] [Server thread/INFO]: Preparing level "World"
[00:11:55] [Server thread/INFO]: Preparing start region for level 0
[00:11:56] [Server thread/INFO]: Preparing spawn area: 22%
[00:11:57] [Server thread/INFO]: Done (3.066s)! For help, type "help" or "?"
[00:12:00] [Server thread/INFO]: Reloaded default quest database
[00:18:04] [Server thread/INFO]: Goverd[/188.94.32.133:2520] logged in with entity id 3736 at (-170.8248399961491, 73.0, 228.56742379603452)
[00:18:04] [Server thread/INFO]: Goverd joined the game
[00:29:07] [Server thread/INFO]: Leshka[/185.23.231.118:51084] logged in with entity id 60885 at (-232.47063894407103, 72.0, 238.46342599102573)
[00:29:07] [Server thread/INFO]: Leshka joined the game
[00:42:08] [Server thread/INFO]: Goverd lost connection: TextComponent{text='Disconnected', siblings=[], style=Style{hasParent=false, color=null, bold=null, italic=null, underlined=null, obfuscated=null, clickEvent=null, hoverEvent=null}}
[00:42:08] [Server thread/INFO]: Goverd left the game
[00:48:56] [Server thread/INFO]: Goverd[/188.94.32.133:2834] logged in with entity id 111781 at (-162.3120788298959, 93.0, 251.70925652994947)
[00:48:56] [Server thread/INFO]: Goverd joined the game
[01:05:10] [Server thread/WARN]: Fetching addPacket for removed entity
[01:16:09] [Server thread/INFO]: Goverd lost connection: TranslatableComponent{key='disconnect.genericReason', args=[Internal Exception: java.io.IOException: ????????? ?? ????? ????-?????????? ????????? ????????????? ???????????], siblings=[], style=Style{hasParent=false, color=null, bold=null, italic=null, underlined=null, obfuscated=null, clickEvent=null, hoverEvent=null}}
[01:16:09] [Server thread/INFO]: Goverd left the game
[01:18:03] [Server thread/WARN]: Leshka moved wrongly!
[01:22:59] [Server thread/INFO]: Leshka lost connection: TextComponent{text='Disconnected', siblings=[], style=Style{hasParent=false, color=null, bold=null, italic=null, underlined=null, obfuscated=null, clickEvent=null, hoverEvent=null}}
[01:22:59] [Server thread/INFO]: Leshka left the game
[01:55:43] [Server thread/INFO]: Goverd[/188.94.32.133:2556] logged in with entity id 287747 at (-237.9129113451382, 72.0, 227.58153962620295)
[01:55:43] [Server thread/INFO]: Goverd joined the game
[02:05:38] [Server thread/WARN]: Goverd moved wrongly!
[02:08:37] [Server thread/WARN]: Goverd moved wrongly!
[02:10:13] [Server thread/WARN]: Goverd moved wrongly!
[02:22:27] [Server thread/WARN]: Goverd moved wrongly!
[02:54:21] [Server thread/WARN]: Goverd moved wrongly!
[02:58:01] [Server thread/WARN]: Goverd moved wrongly!
[04:08:53] [Server thread/WARN]: Goverd moved wrongly!
[04:10:01] [Server thread/INFO]: Leshka[/185.23.231.118:56632] logged in with entity id 1413144 at (-234.74696562835118, 72.0, 240.40942110436902)
[04:10:01] [Server thread/INFO]: Leshka joined the game
[04:11:35] [Server thread/WARN]: Leshka moved wrongly!
[04:13:14] [Server thread/WARN]: Goverd moved wrongly!
[04:16:03] [Server thread/WARN]: Goverd moved wrongly!
[04:16:03] [Server thread/WARN]: Goverd moved wrongly!
[04:16:05] [Server thread/WARN]: Goverd moved wrongly!
[04:17:08] [Server thread/WARN]: Leshka moved wrongly!
[04:18:57] [Server thread/WARN]: Goverd moved wrongly!
[04:20:39] [Server thread/WARN]: Leshka moved wrongly!
[04:31:39] [Server thread/WARN]: Leshka moved wrongly!
[04:39:20] [Server thread/WARN]: Fetching addPacket for removed entity
[04:41:44] [Server thread/WARN]: Goverd moved wrongly!
[04:51:41] [Server thread/WARN]: Goverd moved wrongly!
[05:03:48] [Server thread/INFO]: Goverd lost connection: TextComponent{text='Disconnected', siblings=[], style=Style{hasParent=false, color=null, bold=null, italic=null, underlined=null, obfuscated=null, clickEvent=null, hoverEvent=null}}
[05:03:48] [Server thread/INFO]: Goverd left the game
[05:18:01] [Server thread/INFO]: There are 1/20 players online:
[05:18:01] [Server thread/INFO]: Leshka
[05:27:46] [Server thread/INFO]: Leshka lost connection: TextComponent{text='Disconnected', siblings=[], style=Style{hasParent=false, color=null, bold=null, italic=null, underlined=null, obfuscated=null, clickEvent=null, hoverEvent=null}}
[05:27:46] [Server thread/INFO]: Leshka left the game
[05:28:55] [Server thread/INFO]: Radiant_Star[/91.188.184.33:1273] logged in with entity id 1800026 at (-467.6356575384841, 62.0, 714.7112708589116)
[05:28:55] [Server thread/INFO]: Radiant_Star joined the game
[05:28:56] [Server thread/WARN]: Fetching addPacket for removed entity
[05:33:03] [Server thread/INFO]: Goverd[/188.94.32.133:6731] logged in with entity id 1811709 at (-232.3871034517828, 72.0, 236.65340128169836)
[05:33:03] [Server thread/INFO]: Goverd joined the game
[05:40:13] [Server thread/WARN]: Fetching addPacket for removed entity
[05:40:13] [Server thread/WARN]: Fetching addPacket for removed entity
[05:40:13] [Server thread/WARN]: Fetching addPacket for removed entity
[05:40:13] [Server thread/WARN]: Fetching addPacket for removed entity
[05:47:08] [Server thread/WARN]: Fetching addPacket for removed entity
[05:49:07] [Server thread/WARN]: Radiant_Star moved wrongly!
[05:50:28] [Server thread/INFO]: Leshka[/185.23.231.118:55236] logged in with entity id 1953921 at (-220.7287254328899, 72.0, 256.5703769910715)
[05:50:28] [Server thread/INFO]: Leshka joined the game
[05:52:01] [Server thread/WARN]: Goverd moved wrongly!
[05:53:03] [Server thread/WARN]: Leshka moved wrongly!
[05:55:39] [Server thread/WARN]: Leshka moved wrongly!
[05:59:30] [Server thread/INFO]: <Goverd> спать
[05:59:32] [Server thread/INFO]: <Goverd> спать
[05:59:33] [Server thread/INFO]: <Goverd> спат
[05:59:33] [Server thread/INFO]: <Goverd> спатс
[06:00:37] [Server thread/WARN]: Fetching addPacket for removed entity
[06:00:40] [Server thread/WARN]: Leshka moved wrongly!
[06:01:41] [Server thread/WARN]: Leshka moved wrongly!
[06:06:42] [Server thread/WARN]: Fetching addPacket for removed entity
[06:10:13] [Server thread/WARN]: Goverd moved wrongly!
[06:12:16] [Server thread/WARN]: Fetching addPacket for removed entity
[06:12:16] [Server thread/WARN]: Fetching addPacket for removed entity
[06:12:30] [Server thread/INFO]: Radiant_Star lost connection: TranslatableComponent{key='disconnect.genericReason', args=[Internal Exception: java.io.IOException: ????????? ?? ????? ????-?????????? ????????? ????????????? ???????????], siblings=[], style=Style{hasParent=false, color=null, bold=null, italic=null, underlined=null, obfuscated=null, clickEvent=null, hoverEvent=null}}
[06:12:30] [Server thread/INFO]: Radiant_Star left the game
[06:12:33] [Server thread/INFO]: Radiant_Star[/91.188.184.33:1219] logged in with entity id 2191560 at (-472.74041161576497, 62.0, 718.3533493516932)
[06:12:33] [Server thread/INFO]: Radiant_Star joined the game
[06:16:02] [Server thread/WARN]: Leshka moved wrongly!
[06:20:06] [Server thread/WARN]: Leshka moved wrongly!
[06:27:22] [Server thread/INFO]: Radiant_Star lost connection: TextComponent{text='Disconnected', siblings=[], style=Style{hasParent=false, color=null, bold=null, italic=null, underlined=null, obfuscated=null, clickEvent=null, hoverEvent=null}}
[06:27:22] [Server thread/INFO]: Radiant_Star left the game
[06:27:23] [Server thread/INFO]: Leshka lost connection: TextComponent{text='Disconnected', siblings=[], style=Style{hasParent=false, color=null, bold=null, italic=null, underlined=null, obfuscated=null, clickEvent=null, hoverEvent=null}}
[06:27:23] [Server thread/INFO]: Leshka left the game
[06:27:24] [Server thread/INFO]: Goverd lost connection: TextComponent{text='Disconnected', siblings=[], style=Style{hasParent=false, color=null, bold=null, italic=null, underlined=null, obfuscated=null, clickEvent=null, hoverEvent=null}}
[06:27:24] [Server thread/INFO]: Goverd left the game
[06:27:29] [Server thread/INFO]: Stopping the server
[06:27:29] [Server thread/INFO]: Stopping server
[06:27:29] [Server thread/INFO]: Saving players
[06:27:29] [Server thread/INFO]: Saving worlds
[06:27:29] [Server thread/INFO]: Saving chunks for level 'World'/Overworld
[06:27:29] [Server thread/INFO]: Saving chunks for level 'World'/Nether
[06:27:29] [Server thread/INFO]: Saving chunks for level 'World'/Seth
[06:27:29] [Server thread/INFO]: Saving chunks for level 'World'/Horus
[06:27:29] [Server thread/INFO]: Saving chunks for level 'World'/Anubis
[06:27:29] [Server thread/INFO]: Saving chunks for level 'World'/Maahes
[06:27:29] [Server thread/INFO]: Saving chunks for level 'World'/Neper
[06:27:29] [Server thread/INFO]: Saving chunks for level 'World'/Miranda
[06:27:29] [Server thread/INFO]: Saving chunks for level 'World'/T Ceti E
[06:27:29] [Server thread/INFO]: Saving chunks for level 'World'/Vega B
[06:27:29] [Server thread/INFO]: Saving chunks for level 'World'/Haumea
[06:27:29] [Server thread/INFO]: Saving chunks for level 'World'/Barnarda F
[06:27:29] [Server thread/INFO]: Saving chunks for level 'World'/Barnarda E
[06:27:29] [Server thread/INFO]: Saving chunks for level 'World'/Outer Lands
[06:27:29] [Server thread/INFO]: Saving chunks for level 'World'/Saturn
[06:27:29] [Server thread/INFO]: Saving chunks for level 'World'/Neptune
[06:27:29] [Server thread/INFO]: Saving chunks for level 'World'/Jupiter
[06:27:29] [Server thread/INFO]: Saving chunks for level 'World'/Mirror
[06:27:29] [Server thread/INFO]: Saving chunks for level 'World'/Pocket Plane
[06:27:29] [Server thread/INFO]: Saving chunks for level 'World'/Ross128b
[06:27:29] [Server thread/INFO]: Saving chunks for level 'World'/Ross128ba
[06:27:29] [Server thread/INFO]: Saving chunks for level 'World'/Bedrock
[06:27:29] [Server thread/INFO]: Saving chunks for level 'World'/Torment
[06:27:29] [Server thread/INFO]: Saving chunks for level 'World'/Spirit World
[06:27:29] [Server thread/INFO]: Saving chunks for level 'World'/Uranus
[06:27:29] [Server thread/INFO]: Saving chunks for level 'World'/The Outer Lands
[06:27:29] [Server thread/INFO]: Saving chunks for level 'World'/Pluto
[06:27:29] [Server thread/INFO]: Saving chunks for level 'World'/Triton
[06:27:29] [Server thread/INFO]: Saving chunks for level 'World'/Proteus
[06:27:29] [Server thread/INFO]: Saving chunks for level 'World'/Oberon
[06:27:29] [Server thread/INFO]: Saving chunks for level 'World'/Callisto
[06:27:29] [Server thread/INFO]: Saving chunks for level 'World'/Titan
[06:27:29] [Server thread/INFO]: Saving chunks for level 'World'/Ganymede
[06:27:29] [Server thread/INFO]: Saving chunks for level 'World'/Ceres
[06:27:29] [Server thread/INFO]: Saving chunks for level 'World'/Enceladus
[06:27:29] [Server thread/INFO]: Saving chunks for level 'World'/Deimos
[06:27:29] [Server thread/INFO]: Saving chunks for level 'World'/Venus
[06:27:29] [Server thread/INFO]: Saving chunks for level 'World'/Phobos
[06:27:29] [Server thread/INFO]: Saving chunks for level 'World'/Mercury
[06:27:29] [Server thread/INFO]: Saving chunks for level 'World'/dimensionDarkWorld
[06:27:29] [Server thread/INFO]: Saving chunks for level 'World'/Io
[06:27:29] [Server thread/INFO]: Saving chunks for level 'World'/Europa
[06:27:29] [Server thread/INFO]: Saving chunks for level 'World'/Kuiper Belt
[06:27:29] [Server thread/INFO]: Saving chunks for level 'World'/Barnarda C
[06:27:29] [Server thread/INFO]: Saving chunks for level 'World'/α Centauri Bb
[06:27:29] [Server thread/INFO]: Saving chunks for level 'World'/Asteroids
[06:27:29] [Server thread/INFO]: Saving chunks for level 'World'/Mars
[06:27:29] [Server thread/INFO]: Saving chunks for level 'World'/Moon
[06:27:29] [Server thread/INFO]: Saving chunks for level 'World'/Makemake
[06:27:29] [Server thread/INFO]: Saving chunks for level 'World'/The Last Millenium
[06:27:29] [Server thread/INFO]: Saving chunks for level 'World'/Twilight Forest
[06:27:29] [Server thread/INFO]: Saving chunks for level 'World'/Underdark
[06:27:29] [Server thread/INFO]: Saving chunks for level 'World'/SpectreWorld
[06:27:29] [Server thread/INFO]: Saving chunks for level 'World'/Mehen Belt
