04.01.2025 01:55:23.907 - [eu.usrv.legacylootgames.LootGamesDungeonLogger][INFO] - == LootGames logger initialized ==
04.01.2025 02:05:20.751 - [eu.usrv.legacylootgames.LootGamesDungeonLogger][INFO] - == LootGames logger initialized ==
04.01.2025 02:06:08.489 - [eu.usrv.legacylootgames.LootGamesDungeonLogger][INFO] - PuzzleDungeon spawned at -24 68 136 in Dimension 0
04.01.2025 02:13:19.047 - [eu.usrv.legacylootgames.LootGamesDungeonLogger][INFO] - == LootGames logger initialized ==
05.01.2025 12:15:24.013 - [eu.usrv.legacylootgames.LootGamesDungeonLogger][INFO] - == LootGames logger initialized ==
05.01.2025 12:16:03.702 - [eu.usrv.legacylootgames.LootGamesDungeonLogger][INFO] - PuzzleDungeon spawned at -280 48 776 in Dimension 0
05.01.2025 12:22:31.875 - [eu.usrv.legacylootgames.LootGamesDungeonLogger][INFO] - PuzzleDungeon spawned at -56 56 344 in Dimension 0
05.01.2025 12:26:01.132 - [eu.usrv.legacylootgames.LootGamesDungeonLogger][INFO] - PuzzleDungeon spawned at -152 50 -328 in Dimension 0
05.01.2025 03:12:00.140 - [eu.usrv.legacylootgames.LootGamesDungeonLogger][INFO] - == LootGames logger initialized ==
05.01.2025 03:12:42.216 - [eu.usrv.legacylootgames.LootGamesDungeonLogger][INFO] - PuzzleDungeon spawned at 648 62 456 in Dimension 0
05.01.2025 02:55:09.199 - [eu.usrv.legacylootgames.LootGamesDungeonLogger][INFO] - == LootGames logger initialized ==
05.01.2025 03:01:06.616 - [eu.usrv.legacylootgames.LootGamesDungeonLogger][INFO] - == LootGames logger initialized ==
05.01.2025 03:12:36.175 - [eu.usrv.legacylootgames.LootGamesDungeonLogger][INFO] - == LootGames logger initialized ==
05.01.2025 03:13:16.340 - [eu.usrv.legacylootgames.LootGamesDungeonLogger][INFO] - PuzzleDungeon spawned at -24 53 -152 in Dimension 0
05.01.2025 03:13:19.093 - [eu.usrv.legacylootgames.LootGamesDungeonLogger][INFO] - PuzzleDungeon spawned at 184 55 56 in Dimension 0
05.01.2025 03:16:39.703 - [eu.usrv.legacylootgames.LootGamesDungeonLogger][INFO] - == LootGames logger initialized ==
06.01.2025 01:14:38.368 - [eu.usrv.legacylootgames.LootGamesDungeonLogger][INFO] - == LootGames logger initialized ==
06.01.2025 01:26:32.230 - [eu.usrv.legacylootgames.LootGamesDungeonLogger][INFO] - PuzzleDungeon spawned at -40 55 -8 in Dimension 0
06.01.2025 01:29:04.210 - [eu.usrv.legacylootgames.LootGamesDungeonLogger][INFO] - PuzzleDungeon spawned at -248 50 424 in Dimension 0
06.01.2025 01:35:09.468 - [eu.usrv.legacylootgames.LootGamesDungeonLogger][INFO] - PuzzleDungeon spawned at -40 53 632 in Dimension 0
06.01.2025 01:47:11.783 - [eu.usrv.legacylootgames.LootGamesDungeonLogger][INFO] - PuzzleDungeon spawned at -200 21 -376 in Dimension 0
06.01.2025 01:49:44.831 - [eu.usrv.legacylootgames.LootGamesDungeonLogger][INFO] - PuzzleDungeon spawned at 40 51 696 in Dimension 0
06.01.2025 01:49:52.421 - [eu.usrv.legacylootgames.LootGamesDungeonLogger][INFO] - PuzzleDungeon spawned at 184 60 200 in Dimension 0
06.01.2025 02:40:51.365 - [eu.usrv.legacylootgames.LootGamesDungeonLogger][INFO] - PuzzleDungeon spawned at 360 49 824 in Dimension 0
06.01.2025 02:53:39.203 - [eu.usrv.legacylootgames.LootGamesDungeonLogger][INFO] - PuzzleDungeon spawned at 392 49 -216 in Dimension 0
06.01.2025 02:56:29.902 - [eu.usrv.legacylootgames.LootGamesDungeonLogger][INFO] - PuzzleDungeon spawned at 488 53 168 in Dimension 0
06.01.2025 02:57:23.128 - [eu.usrv.legacylootgames.LootGamesDungeonLogger][INFO] - PuzzleDungeon spawned at -552 49 -472 in Dimension 0
06.01.2025 02:57:27.878 - [eu.usrv.legacylootgames.LootGamesDungeonLogger][INFO] - PuzzleDungeon spawned at 712 51 184 in Dimension 0
06.01.2025 03:03:03.552 - [eu.usrv.legacylootgames.LootGamesDungeonLogger][INFO] - PuzzleDungeon spawned at -472 58 856 in Dimension 0
06.01.2025 03:10:56.283 - [eu.usrv.legacylootgames.LootGamesDungeonLogger][INFO] - PuzzleDungeon spawned at -792 42 440 in Dimension 0
06.01.2025 03:30:20.717 - [eu.usrv.legacylootgames.LootGamesDungeonLogger][INFO] - PuzzleDungeon spawned at 24 48 -360 in Dimension 0
06.01.2025 03:58:23.011 - [eu.usrv.legacylootgames.LootGamesDungeonLogger][INFO] - PuzzleDungeon spawned at 648 73 520 in Dimension 0
06.01.2025 04:18:52.076 - [eu.usrv.legacylootgames.LootGamesDungeonLogger][INFO] - PuzzleDungeon spawned at -424 52 1016 in Dimension 0
06.01.2025 04:27:06.097 - [eu.usrv.legacylootgames.LootGamesDungeonLogger][INFO] - PuzzleDungeon spawned at -840 55 1224 in Dimension 0
06.01.2025 06:11:43.510 - [eu.usrv.legacylootgames.LootGamesDungeonLogger][INFO] - PuzzleDungeon spawned at -1064 48 1208 in Dimension 0
06.01.2025 03:58:14.661 - [eu.usrv.legacylootgames.LootGamesDungeonLogger][INFO] - == LootGames logger initialized ==
06.01.2025 07:38:15.017 - [eu.usrv.legacylootgames.LootGamesDungeonLogger][INFO] - PuzzleDungeon spawned at -56 47 1192 in Dimension 0
06.01.2025 07:39:53.063 - [eu.usrv.legacylootgames.LootGamesDungeonLogger][INFO] - PuzzleDungeon spawned at -392 52 1272 in Dimension 0
06.01.2025 08:28:36.372 - [eu.usrv.legacylootgames.LootGamesDungeonLogger][INFO] - PuzzleDungeon spawned at 920 32 -248 in Dimension 0
06.01.2025 08:29:45.830 - [eu.usrv.legacylootgames.LootGamesDungeonLogger][INFO] - PuzzleDungeon spawned at 1144 56 -680 in Dimension 0
06.01.2025 08:34:26.291 - [eu.usrv.legacylootgames.LootGamesDungeonLogger][INFO] - PuzzleDungeon spawned at -1016 61 872 in Dimension 0
06.01.2025 08:40:33.945 - [eu.usrv.legacylootgames.LootGamesDungeonLogger][INFO] - PuzzleDungeon spawned at 712 35 -264 in Dimension 0
06.01.2025 09:06:11.823 - [eu.usrv.legacylootgames.LootGamesDungeonLogger][INFO] - PuzzleDungeon spawned at -1304 69 1144 in Dimension 0
06.01.2025 09:09:27.867 - [eu.usrv.legacylootgames.LootGamesDungeonLogger][INFO] - PuzzleDungeon spawned at -1304 86 696 in Dimension 0
06.01.2025 09:14:02.092 - [eu.usrv.legacylootgames.LootGamesDungeonLogger][INFO] - PuzzleDungeon spawned at -1080 76 712 in Dimension 0
06.01.2025 09:38:34.072 - [eu.usrv.legacylootgames.LootGamesDungeonLogger][INFO] - PuzzleDungeon spawned at -264 79 1816 in Dimension 0
06.01.2025 09:40:31.033 - [eu.usrv.legacylootgames.LootGamesDungeonLogger][INFO] - PuzzleDungeon spawned at 72 48 1608 in Dimension 0
06.01.2025 11:19:12.341 - [eu.usrv.legacylootgames.LootGamesDungeonLogger][INFO] - PuzzleDungeon spawned at 1496 58 792 in Dimension 0
06.01.2025 11:19:32.819 - [eu.usrv.legacylootgames.LootGamesDungeonLogger][INFO] - PuzzleDungeon spawned at 1688 54 856 in Dimension 0
06.01.2025 11:20:36.213 - [eu.usrv.legacylootgames.LootGamesDungeonLogger][INFO] - PuzzleDungeon spawned at 1832 79 584 in Dimension 0
06.01.2025 11:26:09.697 - [eu.usrv.legacylootgames.LootGamesDungeonLogger][INFO] - PuzzleDungeon spawned at 1880 51 248 in Dimension 0
06.01.2025 11:27:13.401 - [eu.usrv.legacylootgames.LootGamesDungeonLogger][INFO] - PuzzleDungeon spawned at 1672 57 216 in Dimension 0
06.01.2025 11:30:42.153 - [eu.usrv.legacylootgames.LootGamesDungeonLogger][INFO] - PuzzleDungeon spawned at 1304 54 40 in Dimension 0
07.01.2025 12:49:18.083 - [eu.usrv.legacylootgames.LootGamesDungeonLogger][INFO] - PuzzleDungeon spawned at 536 58 1064 in Dimension 0
07.01.2025 12:49:35.218 - [eu.usrv.legacylootgames.LootGamesDungeonLogger][INFO] - PuzzleDungeon spawned at 296 53 1176 in Dimension 0
07.01.2025 12:51:16.833 - [eu.usrv.legacylootgames.LootGamesDungeonLogger][INFO] - PuzzleDungeon spawned at 328 55 1480 in Dimension 0
07.01.2025 12:52:31.360 - [eu.usrv.legacylootgames.LootGamesDungeonLogger][INFO] - PuzzleDungeon spawned at 264 54 1832 in Dimension 0
07.01.2025 12:52:51.452 - [eu.usrv.legacylootgames.LootGamesDungeonLogger][INFO] - PuzzleDungeon spawned at 488 48 1848 in Dimension 0
07.01.2025 01:26:51.445 - [eu.usrv.legacylootgames.LootGamesDungeonLogger][INFO] - PuzzleDungeon spawned at -568 61 8 in Dimension 0
07.01.2025 01:27:40.449 - [eu.usrv.legacylootgames.LootGamesDungeonLogger][INFO] - PuzzleDungeon spawned at -808 76 -56 in Dimension 0
07.01.2025 01:43:50.185 - [eu.usrv.legacylootgames.LootGamesDungeonLogger][INFO] - PuzzleDungeon spawned at 984 74 520 in Dimension 0
07.01.2025 01:48:08.656 - [eu.usrv.legacylootgames.LootGamesDungeonLogger][INFO] - PuzzleDungeon spawned at 904 65 408 in Dimension 0
07.01.2025 01:49:14.904 - [eu.usrv.legacylootgames.LootGamesDungeonLogger][INFO] - PuzzleDungeon spawned at 1208 71 536 in Dimension 0
07.01.2025 01:49:54.605 - [eu.usrv.legacylootgames.LootGamesDungeonLogger][INFO] - PuzzleDungeon spawned at 1160 56 872 in Dimension 0
07.01.2025 01:51:44.111 - [eu.usrv.legacylootgames.LootGamesDungeonLogger][INFO] - PuzzleDungeon spawned at 1640 48 1192 in Dimension 0
07.01.2025 01:52:25.941 - [eu.usrv.legacylootgames.LootGamesDungeonLogger][INFO] - PuzzleDungeon spawned at 1848 62 1080 in Dimension 0
07.01.2025 01:59:44.897 - [eu.usrv.legacylootgames.LootGamesDungeonLogger][INFO] - PuzzleDungeon spawned at 1128 51 1896 in Dimension 0
07.01.2025 02:02:50.439 - [eu.usrv.legacylootgames.LootGamesDungeonLogger][INFO] - PuzzleDungeon spawned at 904 45 1880 in Dimension 0
07.01.2025 02:03:04.584 - [eu.usrv.legacylootgames.LootGamesDungeonLogger][INFO] - PuzzleDungeon spawned at 824 52 1768 in Dimension 0
07.01.2025 02:07:16.785 - [eu.usrv.legacylootgames.LootGamesDungeonLogger][INFO] - PuzzleDungeon spawned at 456 53 2424 in Dimension 0
07.01.2025 02:07:24.717 - [eu.usrv.legacylootgames.LootGamesDungeonLogger][INFO] - PuzzleDungeon spawned at 376 45 2360 in Dimension 0
07.01.2025 02:16:36.969 - [eu.usrv.legacylootgames.LootGamesDungeonLogger][INFO] - PuzzleDungeon spawned at -872 33 296 in Dimension 0
07.01.2025 02:19:36.014 - [eu.usrv.legacylootgames.LootGamesDungeonLogger][INFO] - PuzzleDungeon spawned at -1560 50 392 in Dimension 0
07.01.2025 02:20:52.660 - [eu.usrv.legacylootgames.LootGamesDungeonLogger][INFO] - PuzzleDungeon spawned at -1192 63 2488 in Dimension 0
07.01.2025 02:21:29.204 - [eu.usrv.legacylootgames.LootGamesDungeonLogger][INFO] - PuzzleDungeon spawned at -1224 80 -184 in Dimension 0
07.01.2025 02:25:00.826 - [eu.usrv.legacylootgames.LootGamesDungeonLogger][INFO] - PuzzleDungeon spawned at -696 48 2632 in Dimension 0
07.01.2025 02:25:15.358 - [eu.usrv.legacylootgames.LootGamesDungeonLogger][INFO] - PuzzleDungeon spawned at -712 20 2360 in Dimension 0
07.01.2025 02:26:08.194 - [eu.usrv.legacylootgames.LootGamesDungeonLogger][INFO] - PuzzleDungeon spawned at -1624 51 -424 in Dimension 0
07.01.2025 02:28:07.901 - [eu.usrv.legacylootgames.LootGamesDungeonLogger][INFO] - PuzzleDungeon spawned at -968 53 2056 in Dimension 0
07.01.2025 02:29:36.541 - [eu.usrv.legacylootgames.LootGamesDungeonLogger][INFO] - PuzzleDungeon spawned at -824 74 1496 in Dimension 0
07.01.2025 05:27:25.133 - [eu.usrv.legacylootgames.LootGamesDungeonLogger][INFO] - == LootGames logger initialized ==
07.01.2025 03:08:13.965 - [eu.usrv.legacylootgames.LootGamesDungeonLogger][INFO] - == LootGames logger initialized ==
07.01.2025 06:32:40.100 - [eu.usrv.legacylootgames.LootGamesDungeonLogger][INFO] - PuzzleDungeon spawned at -1032 59 -72 in Dimension 0
07.01.2025 06:36:21.501 - [eu.usrv.legacylootgames.LootGamesDungeonLogger][INFO] - PuzzleDungeon spawned at -1176 52 -968 in Dimension 0
07.01.2025 06:36:33.333 - [eu.usrv.legacylootgames.LootGamesDungeonLogger][INFO] - PuzzleDungeon spawned at -1032 76 -792 in Dimension 0
07.01.2025 06:37:14.826 - [eu.usrv.legacylootgames.LootGamesDungeonLogger][INFO] - PuzzleDungeon spawned at -968 56 -1144 in Dimension 0
07.01.2025 06:41:24.679 - [eu.usrv.legacylootgames.LootGamesDungeonLogger][INFO] - PuzzleDungeon spawned at -1304 53 -1544 in Dimension 0
07.01.2025 06:42:13.129 - [eu.usrv.legacylootgames.LootGamesDungeonLogger][INFO] - PuzzleDungeon spawned at -1512 31 -1592 in Dimension 0
07.01.2025 06:46:20.648 - [eu.usrv.legacylootgames.LootGamesDungeonLogger][INFO] - PuzzleDungeon spawned at -1448 55 -1944 in Dimension 0
07.01.2025 06:48:35.957 - [eu.usrv.legacylootgames.LootGamesDungeonLogger][INFO] - PuzzleDungeon spawned at -1224 72 -2376 in Dimension 0
07.01.2025 06:52:53.488 - [eu.usrv.legacylootgames.LootGamesDungeonLogger][INFO] - PuzzleDungeon spawned at -600 56 -2040 in Dimension 0
07.01.2025 06:53:21.734 - [eu.usrv.legacylootgames.LootGamesDungeonLogger][INFO] - PuzzleDungeon spawned at -472 48 -1848 in Dimension 0
07.01.2025 06:54:52.836 - [eu.usrv.legacylootgames.LootGamesDungeonLogger][INFO] - PuzzleDungeon spawned at -152 44 -1912 in Dimension 0
07.01.2025 06:58:44.151 - [eu.usrv.legacylootgames.LootGamesDungeonLogger][INFO] - PuzzleDungeon spawned at 136 60 -952 in Dimension 0
07.01.2025 07:03:39.755 - [eu.usrv.legacylootgames.LootGamesDungeonLogger][INFO] - PuzzleDungeon spawned at 440 42 -568 in Dimension 0
07.01.2025 07:43:43.902 - [eu.usrv.legacylootgames.LootGamesDungeonLogger][INFO] - == LootGames logger initialized ==
07.01.2025 11:14:03.443 - [eu.usrv.legacylootgames.LootGamesDungeonLogger][INFO] - == LootGames logger initialized ==
08.01.2025 01:14:53.341 - [eu.usrv.legacylootgames.LootGamesDungeonLogger][INFO] - == LootGames logger initialized ==
08.01.2025 02:04:04.512 - [eu.usrv.legacylootgames.LootGamesDungeonLogger][INFO] - == LootGames logger initialized ==
09.01.2025 04:05:13.561 - [eu.usrv.legacylootgames.LootGamesDungeonLogger][INFO] - == LootGames logger initialized ==
10.01.2025 07:15:14.786 - [eu.usrv.legacylootgames.LootGamesDungeonLogger][INFO] - PuzzleDungeon spawned at -888 62 -264 in Dimension 0
10.01.2025 04:33:58.532 - [eu.usrv.legacylootgames.LootGamesDungeonLogger][INFO] - PuzzleDungeon spawned at 360 61 -936 in Dimension 0
10.01.2025 05:50:36.962 - [eu.usrv.legacylootgames.LootGamesDungeonLogger][INFO] - PuzzleDungeon spawned at -1016 51 -600 in Dimension 0
11.01.2025 08:35:08.481 - [eu.usrv.legacylootgames.LootGamesDungeonLogger][INFO] - == LootGames logger initialized ==
11.01.2025 10:25:35.099 - [eu.usrv.legacylootgames.LootGamesDungeonLogger][INFO] - == LootGames logger initialized ==
11.01.2025 10:44:44.412 - [eu.usrv.legacylootgames.LootGamesDungeonLogger][INFO] - == LootGames logger initialized ==
12.01.2025 12:35:54.239 - [eu.usrv.legacylootgames.LootGamesDungeonLogger][INFO] - == LootGames logger initialized ==
12.01.2025 06:24:35.992 - [eu.usrv.legacylootgames.LootGamesDungeonLogger][INFO] - PuzzleDungeon spawned at 1352 53 -136 in Dimension 0
12.01.2025 12:45:41.680 - [eu.usrv.legacylootgames.LootGamesDungeonLogger][INFO] - == LootGames logger initialized ==
14.01.2025 10:31:20.738 - [eu.usrv.legacylootgames.LootGamesDungeonLogger][INFO] - PuzzleDungeon spawned at -1528 118 1128 in Dimension 0
14.01.2025 10:33:30.040 - [eu.usrv.legacylootgames.LootGamesDungeonLogger][INFO] - PuzzleDungeon spawned at -1784 50 376 in Dimension 0
15.01.2025 11:39:13.325 - [eu.usrv.legacylootgames.LootGamesDungeonLogger][INFO] - PuzzleDungeon spawned at -1848 51 8 in Dimension 0
16.01.2025 08:23:08.399 - [eu.usrv.legacylootgames.LootGamesDungeonLogger][INFO] - == LootGames logger initialized ==
16.01.2025 08:31:19.561 - [eu.usrv.legacylootgames.LootGamesDungeonLogger][INFO] - == LootGames logger initialized ==
18.01.2025 03:39:49.888 - [eu.usrv.legacylootgames.LootGamesDungeonLogger][INFO] - PuzzleDungeon spawned at -1928 61 -152 in Dimension 0
18.01.2025 03:41:19.342 - [eu.usrv.legacylootgames.LootGamesDungeonLogger][INFO] - PuzzleDungeon spawned at -2088 51 -520 in Dimension 0
18.01.2025 03:44:46.118 - [eu.usrv.legacylootgames.LootGamesDungeonLogger][INFO] - PuzzleDungeon spawned at -2808 72 -664 in Dimension 0
18.01.2025 03:44:48.889 - [eu.usrv.legacylootgames.LootGamesDungeonLogger][INFO] - PuzzleDungeon spawned at -2568 75 -392 in Dimension 0
18.01.2025 03:45:18.822 - [eu.usrv.legacylootgames.LootGamesDungeonLogger][INFO] - PuzzleDungeon spawned at -2888 46 -184 in Dimension 0
18.01.2025 03:45:48.551 - [eu.usrv.legacylootgames.LootGamesDungeonLogger][INFO] - PuzzleDungeon spawned at -3096 106 -392 in Dimension 0
18.01.2025 03:52:48.935 - [eu.usrv.legacylootgames.LootGamesDungeonLogger][INFO] - PuzzleDungeon spawned at -2152 57 280 in Dimension 0
18.01.2025 05:43:38.528 - [eu.usrv.legacylootgames.LootGamesDungeonLogger][INFO] - == LootGames logger initialized ==
18.01.2025 11:00:36.439 - [eu.usrv.legacylootgames.LootGamesDungeonLogger][INFO] - PuzzleDungeon spawned at -1752 72 1688 in Dimension 0
18.01.2025 11:00:43.581 - [eu.usrv.legacylootgames.LootGamesDungeonLogger][INFO] - PuzzleDungeon spawned at -1976 55 1672 in Dimension 0
18.01.2025 11:03:20.305 - [eu.usrv.legacylootgames.LootGamesDungeonLogger][INFO] - PuzzleDungeon spawned at -1864 68 2184 in Dimension 0
18.01.2025 11:04:20.179 - [eu.usrv.legacylootgames.LootGamesDungeonLogger][INFO] - PuzzleDungeon spawned at -1608 51 2248 in Dimension 0
18.01.2025 11:06:28.414 - [eu.usrv.legacylootgames.LootGamesDungeonLogger][INFO] - PuzzleDungeon spawned at -1400 50 2280 in Dimension 0
18.01.2025 03:31:15.320 - [eu.usrv.legacylootgames.LootGamesDungeonLogger][INFO] - == LootGames logger initialized ==
19.01.2025 02:46:56.669 - [eu.usrv.legacylootgames.LootGamesDungeonLogger][INFO] - PuzzleDungeon spawned at -2616 58 -40 in Dimension 0
19.01.2025 02:47:16.891 - [eu.usrv.legacylootgames.LootGamesDungeonLogger][INFO] - PuzzleDungeon spawned at -2152 62 -168 in Dimension 0
20.01.2025 06:37:46.955 - [eu.usrv.legacylootgames.LootGamesDungeonLogger][INFO] - PuzzleDungeon spawned at -1864 42 -504 in Dimension 0
20.01.2025 12:21:33.859 - [eu.usrv.legacylootgames.LootGamesDungeonLogger][INFO] - == LootGames logger initialized ==
21.01.2025 11:41:38.972 - [eu.usrv.legacylootgames.LootGamesDungeonLogger][INFO] - == LootGames logger initialized ==
22.01.2025 03:26:02.627 - [eu.usrv.legacylootgames.LootGamesDungeonLogger][INFO] - PuzzleDungeon spawned at -1192 51 -1160 in Dimension 0
22.01.2025 04:46:55.909 - [eu.usrv.legacylootgames.LootGamesDungeonLogger][INFO] - PuzzleDungeon spawned at 1272 74 1224 in Dimension 0
22.01.2025 04:51:15.783 - [eu.usrv.legacylootgames.LootGamesDungeonLogger][INFO] - PuzzleDungeon spawned at 936 61 1304 in Dimension 0
22.01.2025 11:17:17.602 - [eu.usrv.legacylootgames.LootGamesDungeonLogger][INFO] - == LootGames logger initialized ==
25.01.2025 09:01:38.100 - [eu.usrv.legacylootgames.LootGamesDungeonLogger][INFO] - PuzzleDungeon spawned at 920 77 -696 in Dimension 0
25.01.2025 06:53:02.218 - [eu.usrv.legacylootgames.LootGamesDungeonLogger][INFO] - == LootGames logger initialized ==
26.01.2025 07:55:31.649 - [eu.usrv.legacylootgames.LootGamesDungeonLogger][INFO] - == LootGames logger initialized ==
26.01.2025 12:29:35.262 - [eu.usrv.legacylootgames.LootGamesDungeonLogger][INFO] - == LootGames logger initialized ==
26.01.2025 04:05:10.245 - [eu.usrv.legacylootgames.LootGamesDungeonLogger][INFO] - == LootGames logger initialized ==
27.01.2025 03:42:46.624 - [eu.usrv.legacylootgames.LootGamesDungeonLogger][INFO] - == LootGames logger initialized ==
27.01.2025 05:58:15.701 - [eu.usrv.legacylootgames.LootGamesDungeonLogger][INFO] - == LootGames logger initialized ==
28.01.2025 07:42:37.643 - [eu.usrv.legacylootgames.LootGamesDungeonLogger][INFO] - == LootGames logger initialized ==
28.01.2025 04:06:07.514 - [eu.usrv.legacylootgames.LootGamesDungeonLogger][INFO] - PuzzleDungeon spawned at -1032 54 -2312 in Dimension 0
28.01.2025 04:09:21.483 - [eu.usrv.legacylootgames.LootGamesDungeonLogger][INFO] - PuzzleDungeon spawned at 360 61 -1384 in Dimension 0
28.01.2025 04:41:11.819 - [eu.usrv.legacylootgames.LootGamesDungeonLogger][INFO] - == LootGames logger initialized ==
28.01.2025 06:16:25.230 - [eu.usrv.legacylootgames.LootGamesDungeonLogger][INFO] - == LootGames logger initialized ==
29.01.2025 12:46:28.684 - [eu.usrv.legacylootgames.LootGamesDungeonLogger][INFO] - == LootGames logger initialized ==
29.01.2025 07:23:28.598 - [eu.usrv.legacylootgames.LootGamesDungeonLogger][INFO] - == LootGames logger initialized ==
30.01.2025 07:07:22.296 - [eu.usrv.legacylootgames.LootGamesDungeonLogger][INFO] - == LootGames logger initialized ==
31.01.2025 08:56:28.284 - [eu.usrv.legacylootgames.LootGamesDungeonLogger][INFO] - == LootGames logger initialized ==
01.02.2025 11:11:19.505 - [eu.usrv.legacylootgames.LootGamesDungeonLogger][INFO] - == LootGames logger initialized ==
01.02.2025 04:37:39.579 - [eu.usrv.legacylootgames.LootGamesDungeonLogger][INFO] - == LootGames logger initialized ==
02.02.2025 10:26:33.814 - [eu.usrv.legacylootgames.LootGamesDungeonLogger][INFO] - == LootGames logger initialized ==
02.02.2025 02:06:31.884 - [eu.usrv.legacylootgames.LootGamesDungeonLogger][INFO] - == LootGames logger initialized ==
02.02.2025 07:30:02.838 - [eu.usrv.legacylootgames.LootGamesDungeonLogger][INFO] - == LootGames logger initialized ==
03.02.2025 06:21:10.879 - [eu.usrv.legacylootgames.LootGamesDungeonLogger][INFO] - PuzzleDungeon spawned at -344 50 -904 in Dimension 0
03.02.2025 12:58:53.439 - [eu.usrv.legacylootgames.LootGamesDungeonLogger][INFO] - == LootGames logger initialized ==
04.02.2025 01:10:53.327 - [eu.usrv.legacylootgames.LootGamesDungeonLogger][INFO] - == LootGames logger initialized ==
04.02.2025 04:19:19.210 - [eu.usrv.legacylootgames.LootGamesDungeonLogger][INFO] - == LootGames logger initialized ==
04.02.2025 09:04:09.318 - [eu.usrv.legacylootgames.LootGamesDungeonLogger][INFO] - == LootGames logger initialized ==
05.02.2025 12:13:28.663 - [eu.usrv.legacylootgames.LootGamesDungeonLogger][INFO] - == LootGames logger initialized ==
05.02.2025 07:04:54.000 - [eu.usrv.legacylootgames.LootGamesDungeonLogger][INFO] - == LootGames logger initialized ==
06.02.2025 02:03:41.151 - [eu.usrv.legacylootgames.LootGamesDungeonLogger][INFO] - == LootGames logger initialized ==
06.02.2025 03:46:05.393 - [eu.usrv.legacylootgames.LootGamesDungeonLogger][INFO] - == LootGames logger initialized ==
07.02.2025 05:05:47.601 - [eu.usrv.legacylootgames.LootGamesDungeonLogger][INFO] - == LootGames logger initialized ==
07.02.2025 11:53:55.516 - [eu.usrv.legacylootgames.LootGamesDungeonLogger][INFO] - PuzzleDungeon spawned at -1624 42 2712 in Dimension 0
07.02.2025 11:54:10.204 - [eu.usrv.legacylootgames.LootGamesDungeonLogger][INFO] - PuzzleDungeon spawned at -1672 49 3048 in Dimension 0
07.02.2025 11:54:12.607 - [eu.usrv.legacylootgames.LootGamesDungeonLogger][INFO] - PuzzleDungeon spawned at -1896 60 3032 in Dimension 0
07.02.2025 11:54:37.869 - [eu.usrv.legacylootgames.LootGamesDungeonLogger][INFO] - PuzzleDungeon spawned at -2040 50 3704 in Dimension 0
07.02.2025 11:54:58.390 - [eu.usrv.legacylootgames.LootGamesDungeonLogger][INFO] - PuzzleDungeon spawned at -2264 52 4136 in Dimension 0
07.02.2025 11:55:11.683 - [eu.usrv.legacylootgames.LootGamesDungeonLogger][INFO] - PuzzleDungeon spawned at -2312 75 4472 in Dimension 0
07.02.2025 11:55:31.595 - [eu.usrv.legacylootgames.LootGamesDungeonLogger][INFO] - PuzzleDungeon spawned at -2376 38 4952 in Dimension 0
07.02.2025 11:55:45.136 - [eu.usrv.legacylootgames.LootGamesDungeonLogger][INFO] - PuzzleDungeon spawned at -2440 40 5304 in Dimension 0
07.02.2025 11:57:43.450 - [eu.usrv.legacylootgames.LootGamesDungeonLogger][INFO] - PuzzleDungeon spawned at -2808 61 5176 in Dimension 0
08.02.2025 12:51:48.432 - [eu.usrv.legacylootgames.LootGamesDungeonLogger][INFO] - PuzzleDungeon spawned at -2872 51 5528 in Dimension 0
08.02.2025 09:08:18.975 - [eu.usrv.legacylootgames.LootGamesDungeonLogger][INFO] - == LootGames logger initialized ==
10.02.2025 01:40:08.410 - [eu.usrv.legacylootgames.LootGamesDungeonLogger][INFO] - == LootGames logger initialized ==
10.02.2025 10:31:05.368 - [eu.usrv.legacylootgames.LootGamesDungeonLogger][INFO] - == LootGames logger initialized ==
11.02.2025 06:58:11.361 - [eu.usrv.legacylootgames.LootGamesDungeonLogger][INFO] - == LootGames logger initialized ==
13.02.2025 02:35:58.939 - [eu.usrv.legacylootgames.LootGamesDungeonLogger][INFO] - == LootGames logger initialized ==
13.02.2025 07:38:12.121 - [eu.usrv.legacylootgames.LootGamesDungeonLogger][INFO] - PuzzleDungeon spawned at -504 49 -1272 in Dimension 0
13.02.2025 07:38:15.013 - [eu.usrv.legacylootgames.LootGamesDungeonLogger][INFO] - PuzzleDungeon spawned at -280 52 -1256 in Dimension 0
13.02.2025 08:19:34.627 - [eu.usrv.legacylootgames.LootGamesDungeonLogger][INFO] - == LootGames logger initialized ==
14.02.2025 02:40:35.304 - [eu.usrv.legacylootgames.LootGamesDungeonLogger][INFO] - == LootGames logger initialized ==
14.02.2025 08:29:42.786 - [eu.usrv.legacylootgames.LootGamesDungeonLogger][INFO] - == LootGames logger initialized ==
14.02.2025 11:02:05.222 - [eu.usrv.legacylootgames.LootGamesDungeonLogger][INFO] - == LootGames logger initialized ==
15.02.2025 12:00:14.155 - [eu.usrv.legacylootgames.LootGamesDungeonLogger][INFO] - == LootGames logger initialized ==
15.02.2025 12:11:19.858 - [eu.usrv.legacylootgames.LootGamesDungeonLogger][INFO] - == LootGames logger initialized ==
